#
# There is insufficient memory for the Java Runtime Environment to continue.
# Native memory allocation (malloc) failed to allocate 179616 bytes for Chunk::new
# Possible reasons:
#   The system is out of physical RAM or swap space
#   The process is running with CompressedOops enabled, and the Java Heap may be blocking the growth of the native heap
# Possible solutions:
#   Reduce memory load on the system
#   Increase physical memory or swap space
#   Check if swap backing store is full
#   Decrease Java heap size (-Xmx/-Xms)
#   Decrease number of Java threads
#   Decrease Java thread stack sizes (-Xss)
#   Set larger code cache with -XX:ReservedCodeCacheSize=
#   JVM is running with Unscaled Compressed Oops mode in which the Java heap is
#     placed in the first 4GB address space. The Java Heap base address is the
#     maximum limit for the native heap growth. Please use -XX:HeapBaseMinAddress
#     to set the Java Heap base and to place the Java Heap above 4GB virtual address.
# This output file may be truncated or incomplete.
#
#  Out of Memory Error (allocation.cpp:389), pid=18768, tid=0x0000000000004f1c
#
# JRE version: OpenJDK Runtime Environment (8.0_242-b01) (build 1.8.0_242-release-1644-b01)
# Java VM: OpenJDK 64-Bit Server VM (25.242-b01 mixed mode windows-amd64 compressed oops)
# Failed to write core dump. Minidumps are not enabled by default on client versions of Windows
#

---------------  T H R E A D  ---------------

Current thread (0x0000000017720000):  JavaThread "C2 CompilerThread1" daemon [_thread_in_native, id=20252, stack(0x0000000018e80000,0x0000000018f80000)]

Stack: [0x0000000018e80000,0x0000000018f80000]
[error occurred during error reporting (printing stack bounds), id 0xc0000005]

Native frames: (J=compiled Java code, j=interpreted, Vv=VM code, C=native code)


Current CompileTask:
C2:   7083 2601       4       org.jetbrains.kotlin.com.intellij.lang.impl.PsiBuilderImpl::getTokenType (21 bytes)


---------------  P R O C E S S  ---------------

Java Threads: ( => current thread )
  0x00000000190c4800 JavaThread "Service Thread" daemon [_thread_blocked, id=8512, stack(0x0000000019480000,0x0000000019580000)]
  0x0000000017734800 JavaThread "C1 CompilerThread2" daemon [_thread_blocked, id=18392, stack(0x0000000018f80000,0x0000000019080000)]
=>0x0000000017720000 JavaThread "C2 CompilerThread1" daemon [_thread_in_native, id=20252, stack(0x0000000018e80000,0x0000000018f80000)]
  0x0000000017718000 JavaThread "C2 CompilerThread0" daemon [_thread_in_native, id=2544, stack(0x0000000018d80000,0x0000000018e80000)]
  0x0000000017717000 JavaThread "Attach Listener" daemon [_thread_blocked, id=7756, stack(0x0000000018c80000,0x0000000018d80000)]
  0x0000000017714000 JavaThread "Signal Dispatcher" daemon [_thread_blocked, id=16224, stack(0x0000000018b80000,0x0000000018c80000)]
  0x0000000002b9d000 JavaThread "Finalizer" daemon [_thread_blocked, id=13548, stack(0x0000000018960000,0x0000000018a60000)]
  0x0000000002b92000 JavaThread "Reference Handler" daemon [_thread_blocked, id=5196, stack(0x0000000018860000,0x0000000018960000)]
  0x0000000002aa3800 JavaThread "main" [_thread_blocked, id=6612, stack(0x0000000002990000,0x0000000002a90000)]

Other Threads:
  0x00000000176d7000 VMThread [stack: 0x0000000018760000,0x0000000018860000] [id=3852]
  0x00000000190c5000 WatcherThread [stack: 0x0000000019580000,0x0000000019680000] [id=1596]

VM state:at safepoint (normal execution)

VM Mutex/Monitor currently owned by a thread:  ([mutex/lock_event])
[0x0000000002aa02d0] Threads_lock - owner thread: 0x00000000176d7000
[0x0000000002aa0350] Heap_lock - owner thread: 0x0000000002aa3800

heap address: 0x0000000081a00000, size: 2022 MB, Compressed Oops mode: 32-bit
Narrow klass base: 0x0000000000000000, Narrow klass shift: 3
Compressed class space size: 1073741824 Address: 0x0000000100000000

Heap:
 PSYoungGen      total 72704K, used 1489K [0x00000000d5e00000, 0x00000000db580000, 0x0000000100000000)
  eden space 55808K, 0% used [0x00000000d5e00000,0x00000000d5e00000,0x00000000d9480000)
  from space 16896K, 8% used [0x00000000d9480000,0x00000000d95f45b0,0x00000000da500000)
  to   space 14848K, 0% used [0x00000000da700000,0x00000000da700000,0x00000000db580000)
 ParOldGen       total 111616K, used 16248K [0x0000000081a00000, 0x0000000088700000, 0x00000000d5e00000)
  object space 111616K, 14% used [0x0000000081a00000,0x00000000829de208,0x0000000088700000)
 Metaspace       used 35827K, capacity 36372K, committed 36736K, reserved 1091584K
  class space    used 4517K, capacity 4687K, committed 4736K, reserved 1048576K

Card table byte_map: [0x0000000011f60000,0x0000000012360000] byte_map_base: 0x0000000011b53000

Marking Bits: (ParMarkBitMap*) 0x000000005834f030
 Begin Bits: [0x0000000012a10000, 0x00000000149a8000)
 End Bits:   [0x00000000149a8000, 0x0000000016940000)

Polling page: 0x0000000002940000

CodeCache: size=245760Kb used=8150Kb max_used=8150Kb free=237609Kb
 bounds [0x0000000002ba0000, 0x00000000033a0000, 0x0000000011ba0000]
 total_blobs=3119 nmethods=2670 adapters=360
 compilation: enabled

Compilation events (10 events):
Event: 5.062 Thread 0x0000000017734800 2537       3       gnu.trove.TIntArrayList::ensureCapacity (64 bytes)
Event: 5.062 Thread 0x0000000017718000 nmethod 2585 0x0000000003378c50 code [0x0000000003378da0, 0x0000000003378e78]
Event: 5.063 Thread 0x0000000017734800 nmethod 2537 0x0000000003378410 code [0x00000000033785a0, 0x0000000003378ac8]
Event: 5.063 Thread 0x0000000017734800 2587       3       org.jetbrains.kotlin.lexer._JetLexer::advance (2227 bytes)
Event: 5.066 Thread 0x0000000017720000 nmethod 2584 0x0000000003376750 code [0x00000000033768c0, 0x0000000003376b28]
Event: 5.069 Thread 0x0000000017718000 2596       4       org.jetbrains.kotlin.parsing.SemanticWhitespaceAwarePsiBuilderImpl::joinComplexTokens (14 bytes)
Event: 5.071 Thread 0x0000000017718000 nmethod 2596 0x00000000033762d0 code [0x0000000003376420, 0x0000000003376538]
Event: 5.072 Thread 0x0000000017720000 2601       4       org.jetbrains.kotlin.com.intellij.lang.impl.PsiBuilderImpl::getTokenType (21 bytes)
Event: 5.073 Thread 0x0000000017718000 2603       4       org.jetbrains.kotlin.parsing.SemanticWhitespaceAwarePsiBuilderImpl::getTokenType (22 bytes)
Event: 5.076 Thread 0x0000000017734800 


GC Heap History (10 events):
Event: 4.568 GC heap before
{Heap before GC invocations=9 (full 3):
 PSYoungGen      total 64000K, used 7667K [0x00000000d5e00000, 0x00000000db680000, 0x0000000100000000)
  eden space 48128K, 0% used [0x00000000d5e00000,0x00000000d5e00000,0x00000000d8d00000)
  from space 15872K, 48% used [0x00000000da700000,0x00000000dae7cf30,0x00000000db680000)
  to   space 5120K, 0% used [0x00000000d8d00000,0x00000000d8d00000,0x00000000d9200000)
 ParOldGen       total 111616K, used 24230K [0x0000000081a00000, 0x0000000088700000, 0x00000000d5e00000)
  object space 111616K, 21% used [0x0000000081a00000,0x00000000831a99b8,0x0000000088700000)
 Metaspace       used 33233K, capacity 33828K, committed 34048K, reserved 1083392K
  class space    used 4150K, capacity 4317K, committed 4352K, reserved 1048576K
Event: 4.696 GC heap after
Heap after GC invocations=9 (full 3):
 PSYoungGen      total 64000K, used 0K [0x00000000d5e00000, 0x00000000db680000, 0x0000000100000000)
  eden space 48128K, 0% used [0x00000000d5e00000,0x00000000d5e00000,0x00000000d8d00000)
  from space 15872K, 0% used [0x00000000da700000,0x00000000da700000,0x00000000db680000)
  to   space 5120K, 0% used [0x00000000d8d00000,0x00000000d8d00000,0x00000000d9200000)
 ParOldGen       total 111616K, used 16809K [0x0000000081a00000, 0x0000000088700000, 0x00000000d5e00000)
  object space 111616K, 15% used [0x0000000081a00000,0x0000000082a6a708,0x0000000088700000)
 Metaspace       used 33233K, capacity 33828K, committed 34048K, reserved 1081344K
  class space    used 4150K, capacity 4317K, committed 4352K, reserved 1048576K
}
Event: 4.814 GC heap before
{Heap before GC invocations=10 (full 3):
 PSYoungGen      total 64000K, used 4814K [0x00000000d5e00000, 0x00000000db680000, 0x0000000100000000)
  eden space 48128K, 10% used [0x00000000d5e00000,0x00000000d62b3818,0x00000000d8d00000)
  from space 15872K, 0% used [0x00000000da700000,0x00000000da700000,0x00000000db680000)
  to   space 5120K, 0% used [0x00000000d8d00000,0x00000000d8d00000,0x00000000d9200000)
 ParOldGen       total 111616K, used 16809K [0x0000000081a00000, 0x0000000088700000, 0x00000000d5e00000)
  object space 111616K, 15% used [0x0000000081a00000,0x0000000082a6a708,0x0000000088700000)
 Metaspace       used 34170K, capacity 34670K, committed 34944K, reserved 1087488K
  class space    used 4306K, capacity 4448K, committed 4480K, reserved 1048576K
Event: 4.817 GC heap after
Heap after GC invocations=10 (full 3):
 PSYoungGen      total 53248K, used 1128K [0x00000000d5e00000, 0x00000000db680000, 0x0000000100000000)
  eden space 48128K, 0% used [0x00000000d5e00000,0x00000000d5e00000,0x00000000d8d00000)
  from space 5120K, 22% used [0x00000000d8d00000,0x00000000d8e1a0f8,0x00000000d9200000)
  to   space 15872K, 0% used [0x00000000da700000,0x00000000da700000,0x00000000db680000)
 ParOldGen       total 111616K, used 16809K [0x0000000081a00000, 0x0000000088700000, 0x00000000d5e00000)
  object space 111616K, 15% used [0x0000000081a00000,0x0000000082a6a708,0x0000000088700000)
 Metaspace       used 34170K, capacity 34670K, committed 34944K, reserved 1087488K
  class space    used 4306K, capacity 4448K, committed 4480K, reserved 1048576K
}
Event: 4.817 GC heap before
{Heap before GC invocations=11 (full 4):
 PSYoungGen      total 53248K, used 1128K [0x00000000d5e00000, 0x00000000db680000, 0x0000000100000000)
  eden space 48128K, 0% used [0x00000000d5e00000,0x00000000d5e00000,0x00000000d8d00000)
  from space 5120K, 22% used [0x00000000d8d00000,0x00000000d8e1a0f8,0x00000000d9200000)
  to   space 15872K, 0% used [0x00000000da700000,0x00000000da700000,0x00000000db680000)
 ParOldGen       total 111616K, used 16809K [0x0000000081a00000, 0x0000000088700000, 0x00000000d5e00000)
  object space 111616K, 15% used [0x0000000081a00000,0x0000000082a6a708,0x0000000088700000)
 Metaspace       used 34170K, capacity 34670K, committed 34944K, reserved 1087488K
  class space    used 4306K, capacity 4448K, committed 4480K, reserved 1048576K
Event: 4.870 GC heap after
Heap after GC invocations=11 (full 4):
 PSYoungGen      total 53248K, used 0K [0x00000000d5e00000, 0x00000000db680000, 0x0000000100000000)
  eden space 48128K, 0% used [0x00000000d5e00000,0x00000000d5e00000,0x00000000d8d00000)
  from space 5120K, 0% used [0x00000000d8d00000,0x00000000d8d00000,0x00000000d9200000)
  to   space 15872K, 0% used [0x00000000da700000,0x00000000da700000,0x00000000db680000)
 ParOldGen       total 111616K, used 16191K [0x0000000081a00000, 0x0000000088700000, 0x00000000d5e00000)
  object space 111616K, 14% used [0x0000000081a00000,0x00000000829cfe60,0x0000000088700000)
 Metaspace       used 34170K, capacity 34670K, committed 34944K, reserved 1085440K
  class space    used 4306K, capacity 4448K, committed 4480K, reserved 1048576K
}
Event: 4.973 GC heap before
{Heap before GC invocations=12 (full 4):
 PSYoungGen      total 53248K, used 3823K [0x00000000d5e00000, 0x00000000db680000, 0x0000000100000000)
  eden space 48128K, 7% used [0x00000000d5e00000,0x00000000d61bbda0,0x00000000d8d00000)
  from space 5120K, 0% used [0x00000000d8d00000,0x00000000d8d00000,0x00000000d9200000)
  to   space 15872K, 0% used [0x00000000da700000,0x00000000da700000,0x00000000db680000)
 ParOldGen       total 111616K, used 16191K [0x0000000081a00000, 0x0000000088700000, 0x00000000d5e00000)
  object space 111616K, 14% used [0x0000000081a00000,0x00000000829cfe60,0x0000000088700000)
 Metaspace       used 35009K, capacity 35528K, committed 35840K, reserved 1087488K
  class space    used 4441K, capacity 4583K, committed 4608K, reserved 1048576K
Event: 4.975 GC heap after
Heap after GC invocations=12 (full 4):
 PSYoungGen      total 70656K, used 974K [0x00000000d5e00000, 0x00000000db580000, 0x0000000100000000)
  eden space 55808K, 0% used [0x00000000d5e00000,0x00000000d5e00000,0x00000000d9480000)
  from space 14848K, 6% used [0x00000000da700000,0x00000000da7f3bb0,0x00000000db580000)
  to   space 16896K, 0% used [0x00000000d9480000,0x00000000d9480000,0x00000000da500000)
 ParOldGen       total 111616K, used 16191K [0x0000000081a00000, 0x0000000088700000, 0x00000000d5e00000)
  object space 111616K, 14% used [0x0000000081a00000,0x00000000829cfe60,0x0000000088700000)
 Metaspace       used 35009K, capacity 35528K, committed 35840K, reserved 1087488K
  class space    used 4441K, capacity 4583K, committed 4608K, reserved 1048576K
}
Event: 4.975 GC heap before
{Heap before GC invocations=13 (full 5):
 PSYoungGen      total 70656K, used 974K [0x00000000d5e00000, 0x00000000db580000, 0x0000000100000000)
  eden space 55808K, 0% used [0x00000000d5e00000,0x00000000d5e00000,0x00000000d9480000)
  from space 14848K, 6% used [0x00000000da700000,0x00000000da7f3bb0,0x00000000db580000)
  to   space 16896K, 0% used [0x00000000d9480000,0x00000000d9480000,0x00000000da500000)
 ParOldGen       total 111616K, used 16191K [0x0000000081a00000, 0x0000000088700000, 0x00000000d5e00000)
  object space 111616K, 14% used [0x0000000081a00000,0x00000000829cfe60,0x0000000088700000)
 Metaspace       used 35009K, capacity 35528K, committed 35840K, reserved 1087488K
  class space    used 4441K, capacity 4583K, committed 4608K, reserved 1048576K
Event: 5.030 GC heap after
Heap after GC invocations=13 (full 5):
 PSYoungGen      total 70656K, used 0K [0x00000000d5e00000, 0x00000000db580000, 0x0000000100000000)
  eden space 55808K, 0% used [0x00000000d5e00000,0x00000000d5e00000,0x00000000d9480000)
  from space 14848K, 0% used [0x00000000da700000,0x00000000da700000,0x00000000db580000)
  to   space 16896K, 0% used [0x00000000d9480000,0x00000000d9480000,0x00000000da500000)
 ParOldGen       total 111616K, used 16248K [0x0000000081a00000, 0x0000000088700000, 0x00000000d5e00000)
  object space 111616K, 14% used [0x0000000081a00000,0x00000000829de208,0x0000000088700000)
 Metaspace       used 35009K, capacity 35528K, committed 35840K, reserved 1085440K
  class space    used 4441K, capacity 4583K, committed 4608K, reserved 1048576K
}

Deoptimization events (10 events):
Event: 4.810 Thread 0x0000000002aa3800 Uncommon trap: reason=class_check action=maybe_recompile pc=0x00000000030f155c method=org.jetbrains.kotlin.com.intellij.util.text.ByteArrayCharSequence.toBytesIfPossible(Ljava/lang/CharSequence;)[B @ 25
Event: 4.878 Thread 0x0000000002aa3800 Uncommon trap: reason=unstable_if action=reinterpret pc=0x000000000323fb18 method=java.lang.ThreadLocal$ThreadLocalMap.getEntry(Ljava/lang/ThreadLocal;)Ljava/lang/ThreadLocal$ThreadLocalMap$Entry; @ 21
Event: 4.898 Thread 0x0000000002aa3800 Uncommon trap: reason=class_check action=maybe_recompile pc=0x00000000030134dc method=java.lang.Character.codePointAt(Ljava/lang/CharSequence;I)I @ 2
Event: 4.899 Thread 0x0000000002aa3800 Uncommon trap: reason=class_check action=maybe_recompile pc=0x00000000030134dc method=java.lang.Character.codePointAt(Ljava/lang/CharSequence;I)I @ 2
Event: 4.899 Thread 0x0000000002aa3800 Uncommon trap: reason=class_check action=maybe_recompile pc=0x00000000030134dc method=java.lang.Character.codePointAt(Ljava/lang/CharSequence;I)I @ 2
Event: 4.899 Thread 0x0000000002aa3800 Uncommon trap: reason=class_check action=maybe_recompile pc=0x00000000030134dc method=java.lang.Character.codePointAt(Ljava/lang/CharSequence;I)I @ 2
Event: 5.044 Thread 0x0000000002aa3800 Uncommon trap: reason=class_check action=maybe_recompile pc=0x000000000312b494 method=gnu.trove.TObjectHash.equals(Ljava/lang/Object;Ljava/lang/Object;)Z @ 6
Event: 5.045 Thread 0x0000000002aa3800 Uncommon trap: reason=class_check action=maybe_recompile pc=0x00000000030f155c method=org.jetbrains.kotlin.com.intellij.util.text.ByteArrayCharSequence.toBytesIfPossible(Ljava/lang/CharSequence;)[B @ 25
Event: 5.060 Thread 0x0000000002aa3800 Uncommon trap: reason=class_check action=maybe_recompile pc=0x000000000312b494 method=gnu.trove.TObjectHash.equals(Ljava/lang/Object;Ljava/lang/Object;)Z @ 6
Event: 5.060 Thread 0x0000000002aa3800 Uncommon trap: reason=class_check action=maybe_recompile pc=0x00000000030f155c method=org.jetbrains.kotlin.com.intellij.util.text.ByteArrayCharSequence.toBytesIfPossible(Ljava/lang/CharSequence;)[B @ 25

Classes redefined (0 events):
No events

Internal exceptions (10 events):
Event: 1.313 Thread 0x0000000002aa3800 Exception <a 'java/lang/ArrayIndexOutOfBoundsException'> (0x00000000d6b59df8) thrown at [C:\src\AOSP-openjdk-git\hotspot\src\share\vm\runtime\sharedRuntime.cpp, line 605]
Event: 1.938 Thread 0x0000000002aa3800 Exception <a 'java/lang/NoSuchMethodError': java.lang.Object.lambda$comparing$77a9974f$1(Ljava/util/function/Function;Ljava/lang/Object;Ljava/lang/Object;)I> (0x00000000d6900800) thrown at [C:\src\AOSP-openjdk-git\hotspot\src\share\vm\interpreter\linkReso
Event: 1.959 Thread 0x0000000002aa3800 Exception <a 'java/lang/NoSuchMethodError': java.lang.Object.lambda$static$0()J> (0x00000000d6a04c70) thrown at [C:\src\AOSP-openjdk-git\hotspot\src\share\vm\interpreter\linkResolver.cpp, line 620]
Event: 2.163 Thread 0x0000000002aa3800 Exception <a 'java/lang/NoSuchMethodError': java.lang.Object.lambda$static$0(I)[Lorg/jetbrains/kotlin/com/intellij/openapi/editor/event/DocumentListener;> (0x00000000d715bd68) thrown at [C:\src\AOSP-openjdk-git\hotspot\src\share\vm\interpreter\linkResolve
Event: 2.235 Thread 0x0000000002aa3800 Exception <a 'java/lang/NoSuchMethodError': java.lang.Object.lambda$static$0(I)[Lorg/jetbrains/kotlin/com/intellij/psi/PsiAnnotation;> (0x00000000d7379680) thrown at [C:\src\AOSP-openjdk-git\hotspot\src\share\vm\interpreter\linkResolver.cpp, line 620]
Event: 2.428 Thread 0x0000000002aa3800 Exception <a 'java/lang/NoSuchMethodError': java.lang.Object.lambda$static$0(I)[Lorg/jetbrains/kotlin/com/intellij/psi/PsiElement;> (0x00000000d5f6e128) thrown at [C:\src\AOSP-openjdk-git\hotspot\src\share\vm\interpreter\linkResolver.cpp, line 620]
Event: 3.812 Thread 0x0000000002aa3800 Exception <a 'java/lang/ArrayIndexOutOfBoundsException': 126> (0x00000000d7365ad8) thrown at [C:\src\AOSP-openjdk-git\hotspot\src\share\vm\interpreter\interpreterRuntime.cpp, line 368]
Event: 3.813 Thread 0x0000000002aa3800 Exception <a 'java/lang/ArrayIndexOutOfBoundsException': 86> (0x00000000d7366f60) thrown at [C:\src\AOSP-openjdk-git\hotspot\src\share\vm\interpreter\interpreterRuntime.cpp, line 368]
Event: 4.878 Thread 0x0000000002aa3800 Implicit null exception at 0x000000000323f8b8 to 0x000000000323fafd
Event: 5.033 Thread 0x0000000002aa3800 Exception <a 'java/lang/NoSuchMethodError': java.lang.Object.lambda$static$0(I)[Lorg/jetbrains/kotlin/psi/KtExpression;> (0x00000000d5e14810) thrown at [C:\src\AOSP-openjdk-git\hotspot\src\share\vm\interpreter\linkResolver.cpp, line 620]

Events (10 events):
Event: 5.047 Thread 0x0000000017734800 flushing nmethod 0x0000000002cbd150
Event: 5.047 Thread 0x0000000017734800 flushing nmethod 0x0000000002cbd450
Event: 5.047 Thread 0x0000000017734800 flushing nmethod 0x0000000002cc8850
Event: 5.047 Thread 0x0000000017734800 flushing nmethod 0x0000000002cd9750
Event: 5.060 Thread 0x0000000002aa3800 Uncommon trap: trap_request=0xffffffde fr.pc=0x000000000312b494
Event: 5.060 Thread 0x0000000002aa3800 DEOPT PACKING pc=0x000000000312b494 sp=0x0000000002a8d3e0
Event: 5.060 Thread 0x0000000002aa3800 DEOPT UNPACKING pc=0x0000000002be557b sp=0x0000000002a8d2b0 mode 2
Event: 5.060 Thread 0x0000000002aa3800 Uncommon trap: trap_request=0xffffffde fr.pc=0x00000000030f155c
Event: 5.060 Thread 0x0000000002aa3800 DEOPT PACKING pc=0x00000000030f155c sp=0x0000000002a8d490
Event: 5.060 Thread 0x0000000002aa3800 DEOPT UNPACKING pc=0x0000000002be557b sp=0x0000000002a8d428 mode 2


Dynamic libraries:
0x00007ff755610000 - 0x00007ff755641000 	C:\Program Files\Android\Android Studio\jre\jre\bin\java.exe
0x00007ff869960000 - 0x00007ff869b50000 	C:\WINDOWS\SYSTEM32\ntdll.dll
0x00007ff868160000 - 0x00007ff868212000 	C:\WINDOWS\System32\KERNEL32.DLL
0x00007ff867630000 - 0x00007ff8678d5000 	C:\WINDOWS\System32\KERNELBASE.dll
0x00007ff863b30000 - 0x00007ff863bbf000 	C:\WINDOWS\SYSTEM32\apphelp.dll
0x00007ff868fc0000 - 0x00007ff869063000 	C:\WINDOWS\System32\ADVAPI32.dll
0x00007ff868e40000 - 0x00007ff868ede000 	C:\WINDOWS\System32\msvcrt.dll
0x00007ff868600000 - 0x00007ff868697000 	C:\WINDOWS\System32\sechost.dll
0x00007ff867a10000 - 0x00007ff867b30000 	C:\WINDOWS\System32\RPCRT4.dll
0x00007ff867b30000 - 0x00007ff867cc4000 	C:\WINDOWS\System32\USER32.dll
0x00007ff866aa0000 - 0x00007ff866ac1000 	C:\WINDOWS\System32\win32u.dll
0x00007ff8685d0000 - 0x00007ff8685f6000 	C:\WINDOWS\System32\GDI32.dll
0x00007ff866c70000 - 0x00007ff866e06000 	C:\WINDOWS\System32\gdi32full.dll
0x00007ff8669e0000 - 0x00007ff866a7e000 	C:\WINDOWS\System32\msvcp_win.dll
0x00007ff8668e0000 - 0x00007ff8669da000 	C:\WINDOWS\System32\ucrtbase.dll
0x00007ff84f670000 - 0x00007ff84f8f4000 	C:\WINDOWS\WinSxS\amd64_microsoft.windows.common-controls_6595b64144ccf1df_6.0.18362.1198_none_9e820b57e45ad92f\COMCTL32.dll
0x00007ff867cd0000 - 0x00007ff868005000 	C:\WINDOWS\System32\combase.dll
0x00007ff8678e0000 - 0x00007ff867960000 	C:\WINDOWS\System32\bcryptPrimitives.dll
0x00007ff8688f0000 - 0x00007ff86891e000 	C:\WINDOWS\System32\IMM32.DLL
0x00000000586e0000 - 0x00000000587b2000 	C:\Program Files\Android\Android Studio\jre\jre\bin\msvcr100.dll
0x0000000057b80000 - 0x00000000583cb000 	C:\Program Files\Android\Android Studio\jre\jre\bin\server\jvm.dll
0x00007ff869220000 - 0x00007ff869228000 	C:\WINDOWS\System32\PSAPI.DLL
0x00007ff864010000 - 0x00007ff864034000 	C:\WINDOWS\SYSTEM32\WINMM.dll
0x00007ff858e50000 - 0x00007ff858e5a000 	C:\WINDOWS\SYSTEM32\VERSION.dll
0x00007ff857820000 - 0x00007ff857829000 	C:\WINDOWS\SYSTEM32\WSOCK32.dll
0x00007ff868070000 - 0x00007ff8680df000 	C:\WINDOWS\System32\WS2_32.dll
0x00007ff863f70000 - 0x00007ff863f9d000 	C:\WINDOWS\SYSTEM32\winmmbase.dll
0x00007ff866ad0000 - 0x00007ff866b1a000 	C:\WINDOWS\System32\cfgmgr32.dll
0x00007ff863990000 - 0x00007ff86399f000 	C:\Program Files\Android\Android Studio\jre\jre\bin\verify.dll
0x00007ff859fd0000 - 0x00007ff859ff9000 	C:\Program Files\Android\Android Studio\jre\jre\bin\java.dll
0x00007ff85fcd0000 - 0x00007ff85fce6000 	C:\Program Files\Android\Android Studio\jre\jre\bin\zip.dll
0x00007ff869230000 - 0x00007ff869917000 	C:\WINDOWS\System32\SHELL32.dll
0x00007ff868520000 - 0x00007ff8685c9000 	C:\WINDOWS\System32\shcore.dll
0x00007ff866e10000 - 0x00007ff867591000 	C:\WINDOWS\System32\windows.storage.dll
0x00007ff8668b0000 - 0x00007ff8668d3000 	C:\WINDOWS\System32\profapi.dll
0x00007ff866840000 - 0x00007ff86688a000 	C:\WINDOWS\System32\powrprof.dll
0x00007ff866810000 - 0x00007ff866820000 	C:\WINDOWS\System32\UMPDC.dll
0x00007ff868010000 - 0x00007ff868062000 	C:\WINDOWS\System32\shlwapi.dll
0x00007ff866820000 - 0x00007ff866831000 	C:\WINDOWS\System32\kernel.appcore.dll
0x00007ff866a80000 - 0x00007ff866a97000 	C:\WINDOWS\System32\cryptsp.dll
0x00007ff85fc70000 - 0x00007ff85fc8a000 	C:\Program Files\Android\Android Studio\jre\jre\bin\net.dll
0x00007ff866060000 - 0x00007ff8660c7000 	C:\WINDOWS\system32\mswsock.dll
0x00007ff85e8d0000 - 0x00007ff85e8e3000 	C:\Program Files\Android\Android Studio\jre\jre\bin\nio.dll

VM Arguments:
java_command: org.jetbrains.kotlin.cli.jvm.K2JVMCompiler @C:\Users\Carolina\Documents\CompuMovil\LabsCM20201\Lab2Architecture\build\20201206_2216686472242758236.compiler.options
java_class_path (initial): C:\Users\Carolina\.gradle\caches\modules-2\files-2.1\org.jetbrains.kotlin\kotlin-compiler-embeddable\1.4.10\38c4b99d5d5362debdd9302a866730379aa2328a\kotlin-compiler-embeddable-1.4.10.jar;C:\Users\Carolina\.gradle\caches\modules-2\files-2.1\org.jetbrains.kotlin\kotlin-reflect\1.4.10\e2b3c6695eee6085e606d96d685396dce23a3a06\kotlin-reflect-1.4.10.jar;C:\Users\Carolina\.gradle\caches\modules-2\files-2.1\org.jetbrains.kotlin\kotlin-stdlib\1.4.10\ea29e063d2bbe695be13e9d044dcfb0c7add398e\kotlin-stdlib-1.4.10.jar;C:\Users\Carolina\.gradle\caches\modules-2\files-2.1\org.jetbrains.kotlin\kotlin-script-runtime\1.4.10\7c19d9c2001e016cd7664cebe9eea66fc04a7f4f\kotlin-script-runtime-1.4.10.jar;C:\Users\Carolina\.gradle\caches\modules-2\files-2.1\org.jetbrains.kotlin\kotlin-daemon-embeddable\1.4.10\dbd67f42bed28043d17d7c860b06110a00a45970\kotlin-daemon-embeddable-1.4.10.jar;C:\Users\Carolina\.gradle\caches\modules-2\files-2.1\org.jetbrains.intellij.deps\trove4j\1.0.20181211\216c2e14b070f334479d800987affe4054cd563f\trove4j-1.0.20181211.jar;C:\Users\Carolina\.gradle\caches\modules-2\files-2.1\org.jetbrains.kotlin\kotlin-stdlib-common\1.4.10\6229be3465805c99db1142ad75e6c6ddeac0b04c\kotlin-stdlib-common-1.4.10.jar;C:\Users\Carolina\.gradle\caches\modules-2\files-2.1\org.jetbrains\annotations\13.0\919f0dfe192fb4e063e7dacadee7f8bb9a2672a9\annotations-13.0.jar;C:\Program Files\Android\Android Studio\jre\lib\tools.jar
Launcher Type: SUN_STANDARD

Environment Variables:
JAVA_HOME=C:\Program Files\Java\jdk1.8.0_211
CLASSPATH=.;
USERNAME=Carolina
OS=Windows_NT
PROCESSOR_IDENTIFIER=Intel64 Family 6 Model 69 Stepping 1, GenuineIntel



---------------  S Y S T E M  ---------------

OS: Windows 10.0 , 64 bit Build 18362 (10.0.18362.1110)

CPU:total 4 (initial active 4) (2 cores per cpu, 2 threads per core) family 6 model 69 stepping 1, cmov, cx8, fxsr, mmx, sse, sse2, sse3, ssse3, sse4.1, sse4.2, popcnt, avx, avx2, aes, clmul, erms, lzcnt, ht, tsc, tscinvbit, bmi1, bmi2

Memory: 4k page, physical 8281860k(610628k free), swap 12476164k(0k free)

vm_info: OpenJDK 64-Bit Server VM (25.242-b01) for windows-amd64 JRE (1.8.0_242-release-1644-b01), built by "builder" with MS VC++ 10.0 (VS2010)

time: Sun Dec 06 18:22:16 2020
timezone: Hora est. Pacífico, Sudamérica
elapsed time: 7 seconds (0d 0h 0m 7s)

